<?xml version="1.0" encoding="UTF-8"?>
<!-- Generated by org.testng.reporters.JUnitXMLReporter -->
<testsuite hostname="DESKTOP-5R6GJQ5" ignored="0" name="Bank Manager Login Test" tests="1" failures="1" timestamp="30 May 2020 12:59:55 GMT" time="0.039" errors="0">
  <testcase name="loginBankManager" time="0.012" classname="com.w2a.testcases.BankManagerLoginTest">
    <failure type="java.lang.NullPointerException">
      <![CDATA[java.lang.NullPointerException
at com.w2a.testcases.BankManagerLoginTest.loginBankManager(BankManagerLoginTest.java:13)
... Removed 25 stack frames]]>
    </failure>
  </testcase> <!-- loginBankManager -->
</testsuite> <!-- Bank Manager Login Test -->
