<?xml version="1.0" encoding="UTF-8"?>
<testng-results skipped="0" failed="0" ignored="0" total="1" passed="1">
  <reporter-output>
  </reporter-output>
  <suite name="Default suite" duration-ms="6233" started-at="2020-05-28T09:10:11 CEST" finished-at="2020-05-28T09:10:17 CEST">
    <groups>
    </groups>
    <test name="Default test" duration-ms="6233" started-at="2020-05-28T09:10:11 CEST" finished-at="2020-05-28T09:10:17 CEST">
      <class name="com.w2a.testcases.BankManagerLogin">
        <test-method status="PASS" signature="setUp()[pri:0, instance:com.w2a.testcases.BankManagerLogin@262b2c86]" name="setUp" is-config="true" duration-ms="7852" started-at="2020-05-28T09:10:03 CEST" finished-at="2020-05-28T09:10:11 CEST">
          <reporter-output>
          </reporter-output>
        </test-method> <!-- setUp -->
        <test-method status="PASS" signature="loginBankManager()[pri:0, instance:com.w2a.testcases.BankManagerLogin@262b2c86]" name="loginBankManager" duration-ms="6191" started-at="2020-05-28T09:10:11 CEST" finished-at="2020-05-28T09:10:17 CEST">
          <reporter-output>
          </reporter-output>
        </test-method> <!-- loginBankManager -->
        <test-method status="PASS" signature="tearDown()[pri:0, instance:com.w2a.testcases.BankManagerLogin@262b2c86]" name="tearDown" is-config="true" duration-ms="774" started-at="2020-05-28T09:10:17 CEST" finished-at="2020-05-28T09:10:18 CEST">
          <reporter-output>
          </reporter-output>
        </test-method> <!-- tearDown -->
      </class> <!-- com.w2a.testcases.BankManagerLogin -->
    </test> <!-- Default test -->
  </suite> <!-- Default suite -->
</testng-results>
