<?xml version="1.0" encoding="UTF-8"?>
<testng-results skipped="0" failed="0" ignored="0" total="1" passed="1">
  <reporter-output>
  </reporter-output>
  <suite name="Default suite" duration-ms="13093" started-at="2020-05-30T15:05:38 CEST" finished-at="2020-05-30T15:05:51 CEST">
    <groups>
    </groups>
    <test name="Default test" duration-ms="13093" started-at="2020-05-30T15:05:38 CEST" finished-at="2020-05-30T15:05:51 CEST">
      <class name="com.w2a.testcases.BankManagerLoginTest">
        <test-method status="PASS" signature="setUp()[pri:0, instance:com.w2a.testcases.BankManagerLoginTest@35aea049]" name="setUp" is-config="true" duration-ms="7958" started-at="2020-05-30T15:05:30 CEST" finished-at="2020-05-30T15:05:38 CEST">
          <reporter-output>
          </reporter-output>
        </test-method> <!-- setUp -->
        <test-method status="PASS" signature="loginBankManager(java.lang.String, java.lang.String, java.lang.String)[pri:0, instance:com.w2a.testcases.BankManagerLoginTest@35aea049]" name="loginBankManager" duration-ms="13025" started-at="2020-05-30T15:05:38 CEST" data-provider="getData" finished-at="2020-05-30T15:05:51 CEST">
          <params>
            <param index="0">
              <value>
                <![CDATA[Mohan]]>
              </value>
            </param>
            <param index="1">
              <value>
                <![CDATA[Sinha]]>
              </value>
            </param>
            <param index="2">
              <value>
                <![CDATA[aa123]]>
              </value>
            </param>
          </params>
          <reporter-output>
          </reporter-output>
        </test-method> <!-- loginBankManager -->
        <test-method status="PASS" signature="tearDown()[pri:0, instance:com.w2a.testcases.BankManagerLoginTest@35aea049]" name="tearDown" is-config="true" duration-ms="715" started-at="2020-05-30T15:05:51 CEST" finished-at="2020-05-30T15:05:51 CEST">
          <reporter-output>
          </reporter-output>
        </test-method> <!-- tearDown -->
      </class> <!-- com.w2a.testcases.BankManagerLoginTest -->
    </test> <!-- Default test -->
  </suite> <!-- Default suite -->
</testng-results>
